This is pdfTeX, Version 3.1415926-2.5-1.40.14 (TeX Live 2013/Debian) (format=pdflatex 2015.3.24)  1 APR 2015 23:10
entering extended mode
 restricted \write18 enabled.
 %&-line parsing enabled.
**reportpt1.tex
(./reportpt1.tex
LaTeX2e <2011/06/27>
Babel <3.9h> and hyphenation patterns for 3 languages loaded.
(/usr/share/texlive/texmf-dist/tex/latex/base/report.cls
Document Class: report 2007/10/19 v1.4h Standard LaTeX document class
(/usr/share/texlive/texmf-dist/tex/latex/base/size10.clo
File: size10.clo 2007/10/19 v1.4h Standard LaTeX file (size option)
)
\c@part=\count79
\c@chapter=\count80
\c@section=\count81
\c@subsection=\count82
\c@subsubsection=\count83
\c@paragraph=\count84
\c@subparagraph=\count85
\c@figure=\count86
\c@table=\count87
\abovecaptionskip=\skip41
\belowcaptionskip=\skip42
\bibindent=\dimen102
)
(/usr/share/texlive/texmf-dist/tex/latex/graphics/graphicx.sty
Package: graphicx 1999/02/16 v1.0f Enhanced LaTeX Graphics (DPC,SPQR)

(/usr/share/texlive/texmf-dist/tex/latex/graphics/keyval.sty
Package: keyval 1999/03/16 v1.13 key=value parser (DPC)
\KV@toks@=\toks14
)
(/usr/share/texlive/texmf-dist/tex/latex/graphics/graphics.sty
Package: graphics 2009/02/05 v1.0o Standard LaTeX Graphics (DPC,SPQR)

(/usr/share/texlive/texmf-dist/tex/latex/graphics/trig.sty
Package: trig 1999/03/16 v1.09 sin cos tan (DPC)
)
(/usr/share/texlive/texmf-dist/tex/latex/latexconfig/graphics.cfg
File: graphics.cfg 2010/04/23 v1.9 graphics configuration of TeX Live
)
Package graphics Info: Driver file: pdftex.def on input line 91.

(/usr/share/texlive/texmf-dist/tex/latex/pdftex-def/pdftex.def
File: pdftex.def 2011/05/27 v0.06d Graphics/color for pdfTeX

(/usr/share/texlive/texmf-dist/tex/generic/oberdiek/infwarerr.sty
Package: infwarerr 2010/04/08 v1.3 Providing info/warning/error messages (HO)
)
(/usr/share/texlive/texmf-dist/tex/generic/oberdiek/ltxcmds.sty
Package: ltxcmds 2011/11/09 v1.22 LaTeX kernel commands for general use (HO)
)
\Gread@gobject=\count88
))
\Gin@req@height=\dimen103
\Gin@req@width=\dimen104
)
(/usr/share/texlive/texmf-dist/tex/latex/graphics/color.sty
Package: color 2005/11/14 v1.0j Standard LaTeX Color (DPC)

(/usr/share/texlive/texmf-dist/tex/latex/latexconfig/color.cfg
File: color.cfg 2007/01/18 v1.5 color configuration of teTeX/TeXLive
)
Package color Info: Driver file: pdftex.def on input line 130.
)
(/usr/share/texlive/texmf-dist/tex/latex/caption/caption.sty
Package: caption 2013/05/02 v3.3-89 Customizing captions (AR)

(/usr/share/texlive/texmf-dist/tex/latex/caption/caption3.sty
Package: caption3 2013/05/02 v1.6-88 caption3 kernel (AR)
Package caption3 Info: TeX engine: e-TeX on input line 57.
\captionmargin=\dimen105
\captionmargin@=\dimen106
\captionwidth=\dimen107
\caption@tempdima=\dimen108
\caption@indent=\dimen109
\caption@parindent=\dimen110
\caption@hangindent=\dimen111
)
\c@ContinuedFloat=\count89
)
(/usr/share/texlive/texmf-dist/tex/latex/caption/subcaption.sty
Package: subcaption 2013/02/03 v1.1-62 Sub-captions (AR)
\c@subfigure=\count90
\c@subtable=\count91
)
(/usr/share/texlive/texmf-dist/tex/generic/babel/babel.sty
Package: babel 2013/12/03 3.9h The Babel package

(/usr/share/texlive/texmf-dist/tex/generic/babel-portuges/portuges.ldf
Language: portuges 2008/03/18 v1.2q Portuguese support from the babel system

(/usr/share/texlive/texmf-dist/tex/generic/babel/babel.def
File: babel.def 2013/12/03 3.9h Babel common definitions
\babel@savecnt=\count92
\U@D=\dimen112
)
Package babel Info: Making " an active character on input line 145.
))
(/usr/share/texlive/texmf-dist/tex/latex/base/inputenc.sty
Package: inputenc 2008/03/30 v1.1d Input encoding file
\inpenc@prehook=\toks15
\inpenc@posthook=\toks16

(/usr/share/texlive/texmf-dist/tex/latex/base/utf8.def
File: utf8.def 2008/04/05 v1.1m UTF-8 support for inputenc
Now handling font encoding OML ...
... no UTF-8 mapping file for font encoding OML
Now handling font encoding T1 ...
... processing UTF-8 mapping file for font encoding T1

(/usr/share/texlive/texmf-dist/tex/latex/base/t1enc.dfu
File: t1enc.dfu 2008/04/05 v1.1m UTF-8 support for inputenc
   defining Unicode char U+00A1 (decimal 161)
   defining Unicode char U+00A3 (decimal 163)
   defining Unicode char U+00AB (decimal 171)
   defining Unicode char U+00BB (decimal 187)
   defining Unicode char U+00BF (decimal 191)
   defining Unicode char U+00C0 (decimal 192)
   defining Unicode char U+00C1 (decimal 193)
   defining Unicode char U+00C2 (decimal 194)
   defining Unicode char U+00C3 (decimal 195)
   defining Unicode char U+00C4 (decimal 196)
   defining Unicode char U+00C5 (decimal 197)
   defining Unicode char U+00C6 (decimal 198)
   defining Unicode char U+00C7 (decimal 199)
   defining Unicode char U+00C8 (decimal 200)
   defining Unicode char U+00C9 (decimal 201)
   defining Unicode char U+00CA (decimal 202)
   defining Unicode char U+00CB (decimal 203)
   defining Unicode char U+00CC (decimal 204)
   defining Unicode char U+00CD (decimal 205)
   defining Unicode char U+00CE (decimal 206)
   defining Unicode char U+00CF (decimal 207)
   defining Unicode char U+00D0 (decimal 208)
   defining Unicode char U+00D1 (decimal 209)
   defining Unicode char U+00D2 (decimal 210)
   defining Unicode char U+00D3 (decimal 211)
   defining Unicode char U+00D4 (decimal 212)
   defining Unicode char U+00D5 (decimal 213)
   defining Unicode char U+00D6 (decimal 214)
   defining Unicode char U+00D8 (decimal 216)
   defining Unicode char U+00D9 (decimal 217)
   defining Unicode char U+00DA (decimal 218)
   defining Unicode char U+00DB (decimal 219)
   defining Unicode char U+00DC (decimal 220)
   defining Unicode char U+00DD (decimal 221)
   defining Unicode char U+00DE (decimal 222)
   defining Unicode char U+00DF (decimal 223)
   defining Unicode char U+00E0 (decimal 224)
   defining Unicode char U+00E1 (decimal 225)
   defining Unicode char U+00E2 (decimal 226)
   defining Unicode char U+00E3 (decimal 227)
   defining Unicode char U+00E4 (decimal 228)
   defining Unicode char U+00E5 (decimal 229)
   defining Unicode char U+00E6 (decimal 230)
   defining Unicode char U+00E7 (decimal 231)
   defining Unicode char U+00E8 (decimal 232)
   defining Unicode char U+00E9 (decimal 233)
   defining Unicode char U+00EA (decimal 234)
   defining Unicode char U+00EB (decimal 235)
   defining Unicode char U+00EC (decimal 236)
   defining Unicode char U+00ED (decimal 237)
   defining Unicode char U+00EE (decimal 238)
   defining Unicode char U+00EF (decimal 239)
   defining Unicode char U+00F0 (decimal 240)
   defining Unicode char U+00F1 (decimal 241)
   defining Unicode char U+00F2 (decimal 242)
   defining Unicode char U+00F3 (decimal 243)
   defining Unicode char U+00F4 (decimal 244)
   defining Unicode char U+00F5 (decimal 245)
   defining Unicode char U+00F6 (decimal 246)
   defining Unicode char U+00F8 (decimal 248)
   defining Unicode char U+00F9 (decimal 249)
   defining Unicode char U+00FA (decimal 250)
   defining Unicode char U+00FB (decimal 251)
   defining Unicode char U+00FC (decimal 252)
   defining Unicode char U+00FD (decimal 253)
   defining Unicode char U+00FE (decimal 254)
   defining Unicode char U+00FF (decimal 255)
   defining Unicode char U+0102 (decimal 258)
   defining Unicode char U+0103 (decimal 259)
   defining Unicode char U+0104 (decimal 260)
   defining Unicode char U+0105 (decimal 261)
   defining Unicode char U+0106 (decimal 262)
   defining Unicode char U+0107 (decimal 263)
   defining Unicode char U+010C (decimal 268)
   defining Unicode char U+010D (decimal 269)
   defining Unicode char U+010E (decimal 270)
   defining Unicode char U+010F (decimal 271)
   defining Unicode char U+0110 (decimal 272)
   defining Unicode char U+0111 (decimal 273)
   defining Unicode char U+0118 (decimal 280)
   defining Unicode char U+0119 (decimal 281)
   defining Unicode char U+011A (decimal 282)
   defining Unicode char U+011B (decimal 283)
   defining Unicode char U+011E (decimal 286)
   defining Unicode char U+011F (decimal 287)
   defining Unicode char U+0130 (decimal 304)
   defining Unicode char U+0131 (decimal 305)
   defining Unicode char U+0132 (decimal 306)
   defining Unicode char U+0133 (decimal 307)
   defining Unicode char U+0139 (decimal 313)
   defining Unicode char U+013A (decimal 314)
   defining Unicode char U+013D (decimal 317)
   defining Unicode char U+013E (decimal 318)
   defining Unicode char U+0141 (decimal 321)
   defining Unicode char U+0142 (decimal 322)
   defining Unicode char U+0143 (decimal 323)
   defining Unicode char U+0144 (decimal 324)
   defining Unicode char U+0147 (decimal 327)
   defining Unicode char U+0148 (decimal 328)
   defining Unicode char U+014A (decimal 330)
   defining Unicode char U+014B (decimal 331)
   defining Unicode char U+0150 (decimal 336)
   defining Unicode char U+0151 (decimal 337)
   defining Unicode char U+0152 (decimal 338)
   defining Unicode char U+0153 (decimal 339)
   defining Unicode char U+0154 (decimal 340)
   defining Unicode char U+0155 (decimal 341)
   defining Unicode char U+0158 (decimal 344)
   defining Unicode char U+0159 (decimal 345)
   defining Unicode char U+015A (decimal 346)
   defining Unicode char U+015B (decimal 347)
   defining Unicode char U+015E (decimal 350)
   defining Unicode char U+015F (decimal 351)
   defining Unicode char U+0160 (decimal 352)
   defining Unicode char U+0161 (decimal 353)
   defining Unicode char U+0162 (decimal 354)
   defining Unicode char U+0163 (decimal 355)
   defining Unicode char U+0164 (decimal 356)
   defining Unicode char U+0165 (decimal 357)
   defining Unicode char U+016E (decimal 366)
   defining Unicode char U+016F (decimal 367)
   defining Unicode char U+0170 (decimal 368)
   defining Unicode char U+0171 (decimal 369)
   defining Unicode char U+0178 (decimal 376)
   defining Unicode char U+0179 (decimal 377)
   defining Unicode char U+017A (decimal 378)
   defining Unicode char U+017B (decimal 379)
   defining Unicode char U+017C (decimal 380)
   defining Unicode char U+017D (decimal 381)
   defining Unicode char U+017E (decimal 382)
   defining Unicode char U+200C (decimal 8204)
   defining Unicode char U+2013 (decimal 8211)
   defining Unicode char U+2014 (decimal 8212)
   defining Unicode char U+2018 (decimal 8216)
   defining Unicode char U+2019 (decimal 8217)
   defining Unicode char U+201A (decimal 8218)
   defining Unicode char U+201C (decimal 8220)
   defining Unicode char U+201D (decimal 8221)
   defining Unicode char U+201E (decimal 8222)
   defining Unicode char U+2030 (decimal 8240)
   defining Unicode char U+2031 (decimal 8241)
   defining Unicode char U+2039 (decimal 8249)
   defining Unicode char U+203A (decimal 8250)
   defining Unicode char U+2423 (decimal 9251)
)
Now handling font encoding OT1 ...
... processing UTF-8 mapping file for font encoding OT1

(/usr/share/texlive/texmf-dist/tex/latex/base/ot1enc.dfu
File: ot1enc.dfu 2008/04/05 v1.1m UTF-8 support for inputenc
   defining Unicode char U+00A1 (decimal 161)
   defining Unicode char U+00A3 (decimal 163)
   defining Unicode char U+00B8 (decimal 184)
   defining Unicode char U+00BF (decimal 191)
   defining Unicode char U+00C5 (decimal 197)
   defining Unicode char U+00C6 (decimal 198)
   defining Unicode char U+00D8 (decimal 216)
   defining Unicode char U+00DF (decimal 223)
   defining Unicode char U+00E6 (decimal 230)
   defining Unicode char U+00EC (decimal 236)
   defining Unicode char U+00ED (decimal 237)
   defining Unicode char U+00EE (decimal 238)
   defining Unicode char U+00EF (decimal 239)
   defining Unicode char U+00F8 (decimal 248)
   defining Unicode char U+0131 (decimal 305)
   defining Unicode char U+0141 (decimal 321)
   defining Unicode char U+0142 (decimal 322)
   defining Unicode char U+0152 (decimal 338)
   defining Unicode char U+0153 (decimal 339)
   defining Unicode char U+2013 (decimal 8211)
   defining Unicode char U+2014 (decimal 8212)
   defining Unicode char U+2018 (decimal 8216)
   defining Unicode char U+2019 (decimal 8217)
   defining Unicode char U+201C (decimal 8220)
   defining Unicode char U+201D (decimal 8221)
)
Now handling font encoding OMS ...
... processing UTF-8 mapping file for font encoding OMS

(/usr/share/texlive/texmf-dist/tex/latex/base/omsenc.dfu
File: omsenc.dfu 2008/04/05 v1.1m UTF-8 support for inputenc
   defining Unicode char U+00A7 (decimal 167)
   defining Unicode char U+00B6 (decimal 182)
   defining Unicode char U+00B7 (decimal 183)
   defining Unicode char U+2020 (decimal 8224)
   defining Unicode char U+2021 (decimal 8225)
   defining Unicode char U+2022 (decimal 8226)
)
Now handling font encoding OMX ...
... no UTF-8 mapping file for font encoding OMX
Now handling font encoding U ...
... no UTF-8 mapping file for font encoding U
   defining Unicode char U+00A9 (decimal 169)
   defining Unicode char U+00AA (decimal 170)
   defining Unicode char U+00AE (decimal 174)
   defining Unicode char U+00BA (decimal 186)
   defining Unicode char U+02C6 (decimal 710)
   defining Unicode char U+02DC (decimal 732)
   defining Unicode char U+200C (decimal 8204)
   defining Unicode char U+2026 (decimal 8230)
   defining Unicode char U+2122 (decimal 8482)
   defining Unicode char U+2423 (decimal 9251)
))
(/usr/share/texlive/texmf-dist/tex/latex/base/fontenc.sty
Package: fontenc 2005/09/27 v1.99g Standard LaTeX package

(/usr/share/texlive/texmf-dist/tex/latex/base/t1enc.def
File: t1enc.def 2005/09/27 v1.99g Standard LaTeX file
LaTeX Font Info:    Redeclaring font encoding T1 on input line 43.
))
(/usr/share/texlive/texmf-dist/tex/latex/geometry/geometry.sty
Package: geometry 2010/09/12 v5.6 Page Geometry

(/usr/share/texlive/texmf-dist/tex/generic/oberdiek/ifpdf.sty
Package: ifpdf 2011/01/30 v2.3 Provides the ifpdf switch (HO)
Package ifpdf Info: pdfTeX in PDF mode is detected.
)
(/usr/share/texlive/texmf-dist/tex/generic/oberdiek/ifvtex.sty
Package: ifvtex 2010/03/01 v1.5 Detect VTeX and its facilities (HO)
Package ifvtex Info: VTeX not detected.
)
(/usr/share/texlive/texmf-dist/tex/generic/ifxetex/ifxetex.sty
Package: ifxetex 2010/09/12 v0.6 Provides ifxetex conditional
)
\Gm@cnth=\count93
\Gm@cntv=\count94
\c@Gm@tempcnt=\count95
\Gm@bindingoffset=\dimen113
\Gm@wd@mp=\dimen114
\Gm@odd@mp=\dimen115
\Gm@even@mp=\dimen116
\Gm@layoutwidth=\dimen117
\Gm@layoutheight=\dimen118
\Gm@layouthoffset=\dimen119
\Gm@layoutvoffset=\dimen120
\Gm@dimlist=\toks17
)
(/usr/share/texlive/texmf-dist/tex/latex/parskip/parskip.sty
Package: parskip 2001/04/09 non-zero parskip adjustments
)
(/usr/share/texlive/texmf-dist/tex/latex/changepage/changepage.sty
Package: changepage 2009/10/20 v1.0c check page and change page layout
\c@cp@cntr=\count96
\cp@tempcnt=\count97
)
(/usr/share/texlive/texmf-dist/tex/latex/amsmath/amsmath.sty
Package: amsmath 2013/01/14 v2.14 AMS math features
\@mathmargin=\skip43

For additional information on amsmath, use the `?' option.
(/usr/share/texlive/texmf-dist/tex/latex/amsmath/amstext.sty
Package: amstext 2000/06/29 v2.01

(/usr/share/texlive/texmf-dist/tex/latex/amsmath/amsgen.sty
File: amsgen.sty 1999/11/30 v2.0
\@emptytoks=\toks18
\ex@=\dimen121
))
(/usr/share/texlive/texmf-dist/tex/latex/amsmath/amsbsy.sty
Package: amsbsy 1999/11/29 v1.2d
\pmbraise@=\dimen122
)
(/usr/share/texlive/texmf-dist/tex/latex/amsmath/amsopn.sty
Package: amsopn 1999/12/14 v2.01 operator names
)
\inf@bad=\count98
LaTeX Info: Redefining \frac on input line 210.
\uproot@=\count99
\leftroot@=\count100
LaTeX Info: Redefining \overline on input line 306.
\classnum@=\count101
\DOTSCASE@=\count102
LaTeX Info: Redefining \ldots on input line 378.
LaTeX Info: Redefining \dots on input line 381.
LaTeX Info: Redefining \cdots on input line 466.
\Mathstrutbox@=\box26
\strutbox@=\box27
\big@size=\dimen123
LaTeX Font Info:    Redeclaring font encoding OML on input line 566.
LaTeX Font Info:    Redeclaring font encoding OMS on input line 567.
\macc@depth=\count103
\c@MaxMatrixCols=\count104
\dotsspace@=\muskip10
\c@parentequation=\count105
\dspbrk@lvl=\count106
\tag@help=\toks19
\row@=\count107
\column@=\count108
\maxfields@=\count109
\andhelp@=\toks20
\eqnshift@=\dimen124
\alignsep@=\dimen125
\tagshift@=\dimen126
\tagwidth@=\dimen127
\totwidth@=\dimen128
\lineht@=\dimen129
\@envbody=\toks21
\multlinegap=\skip44
\multlinetaggap=\skip45
\mathdisplay@stack=\toks22
LaTeX Info: Redefining \[ on input line 2665.
LaTeX Info: Redefining \] on input line 2666.
)
(/usr/share/texlive/texmf-dist/tex/latex/fancyhdr/fancyhdr.sty
\fancy@headwidth=\skip46
\f@ncyO@elh=\skip47
\f@ncyO@erh=\skip48
\f@ncyO@olh=\skip49
\f@ncyO@orh=\skip50
\f@ncyO@elf=\skip51
\f@ncyO@erf=\skip52
\f@ncyO@olf=\skip53
\f@ncyO@orf=\skip54
)
(/usr/share/texlive/texmf-dist/tex/latex/nopageno/nopageno.sty
Package: nopageno 1989/01/01 no page numbers (DPC)
)
(/usr/share/texlive/texmf-dist/tex/latex/url/url.sty
\Urlmuskip=\muskip11
Package: url 2013/09/16  ver 3.4  Verb mode for urls, etc.
)
(/usr/share/texlive/texmf-dist/tex/latex/tools/verbatim.sty
Package: verbatim 2003/08/22 v1.5q LaTeX2e package for verbatim enhancements
\every@verbatim=\toks23
\verbatim@line=\toks24
\verbatim@in@stream=\read1
)
(/usr/share/texlive/texmf-dist/tex/latex/fancyvrb/fancyvrb.sty
Package: fancyvrb 2008/02/07

Style option: `fancyvrb' v2.7a, with DG/SPQR fixes, and firstline=lastline fix 
<2008/02/07> (tvz)
\FV@CodeLineNo=\count110
\FV@InFile=\read2
\FV@TabBox=\box28
\c@FancyVerbLine=\count111
\FV@StepNumber=\count112
\FV@OutFile=\write3
)
(/usr/share/texlive/texmf-dist/tex/latex/listings/listings.sty
\lst@mode=\count113
\lst@gtempboxa=\box29
\lst@token=\toks25
\lst@length=\count114
\lst@currlwidth=\dimen130
\lst@column=\count115
\lst@pos=\count116
\lst@lostspace=\dimen131
\lst@width=\dimen132
\lst@newlines=\count117
\lst@lineno=\count118
\lst@maxwidth=\dimen133

(/usr/share/texlive/texmf-dist/tex/latex/listings/lstmisc.sty
File: lstmisc.sty 2013/08/26 1.5b (Carsten Heinz)
\c@lstnumber=\count119
\lst@skipnumbers=\count120
\lst@framebox=\box30
)
(/usr/share/texlive/texmf-dist/tex/latex/listings/listings.cfg
File: listings.cfg 2013/08/26 1.5b listings configuration
))
Package: listings 2013/08/26 1.5b (Carsten Heinz)

(/usr/share/texlive/texmf-dist/tex/latex/float/float.sty
Package: float 2001/11/08 v1.3d Float enhancements (AL)
\c@float@type=\count121
\float@exts=\toks26
\float@box=\box31
\@float@everytoks=\toks27
\@floatcapt=\box32
)
(/usr/share/texlive/texmf-dist/tex/latex/hyperref/hyperref.sty
Package: hyperref 2012/11/06 v6.83m Hypertext links for LaTeX

(/usr/share/texlive/texmf-dist/tex/generic/oberdiek/hobsub-hyperref.sty
Package: hobsub-hyperref 2012/05/28 v1.13 Bundle oberdiek, subset hyperref (HO)


(/usr/share/texlive/texmf-dist/tex/generic/oberdiek/hobsub-generic.sty
Package: hobsub-generic 2012/05/28 v1.13 Bundle oberdiek, subset generic (HO)
Package: hobsub 2012/05/28 v1.13 Construct package bundles (HO)
Package hobsub Info: Skipping package `infwarerr' (already loaded).
Package hobsub Info: Skipping package `ltxcmds' (already loaded).
Package: ifluatex 2010/03/01 v1.3 Provides the ifluatex switch (HO)
Package ifluatex Info: LuaTeX not detected.
Package hobsub Info: Skipping package `ifvtex' (already loaded).
Package: intcalc 2007/09/27 v1.1 Expandable calculations with integers (HO)
Package hobsub Info: Skipping package `ifpdf' (already loaded).
Package: etexcmds 2011/02/16 v1.5 Avoid name clashes with e-TeX commands (HO)
Package etexcmds Info: Could not find \expanded.
(etexcmds)             That can mean that you are not using pdfTeX 1.50 or
(etexcmds)             that some package has redefined \expanded.
(etexcmds)             In the latter case, load this package earlier.
Package: kvsetkeys 2012/04/25 v1.16 Key value parser (HO)
Package: kvdefinekeys 2011/04/07 v1.3 Define keys (HO)
Package: pdftexcmds 2011/11/29 v0.20 Utility functions of pdfTeX for LuaTeX (HO
)
Package pdftexcmds Info: LuaTeX not detected.
Package pdftexcmds Info: \pdf@primitive is available.
Package pdftexcmds Info: \pdf@ifprimitive is available.
Package pdftexcmds Info: \pdfdraftmode found.
Package: pdfescape 2011/11/25 v1.13 Implements pdfTeX's escape features (HO)
Package: bigintcalc 2012/04/08 v1.3 Expandable calculations on big integers (HO
)
Package: bitset 2011/01/30 v1.1 Handle bit-vector datatype (HO)
Package: uniquecounter 2011/01/30 v1.2 Provide unlimited unique counter (HO)
)
Package hobsub Info: Skipping package `hobsub' (already loaded).
Package: letltxmacro 2010/09/02 v1.4 Let assignment for LaTeX macros (HO)
Package: hopatch 2012/05/28 v1.2 Wrapper for package hooks (HO)
Package: xcolor-patch 2011/01/30 xcolor patch
Package: atveryend 2011/06/30 v1.8 Hooks at the very end of document (HO)
Package atveryend Info: \enddocument detected (standard20110627).
Package: atbegshi 2011/10/05 v1.16 At begin shipout hook (HO)
Package: refcount 2011/10/16 v3.4 Data extraction from label references (HO)
Package: hycolor 2011/01/30 v1.7 Color options for hyperref/bookmark (HO)
)
(/usr/share/texlive/texmf-dist/tex/latex/oberdiek/auxhook.sty
Package: auxhook 2011/03/04 v1.3 Hooks for auxiliary files (HO)
)
(/usr/share/texlive/texmf-dist/tex/latex/oberdiek/kvoptions.sty
Package: kvoptions 2011/06/30 v3.11 Key value format for package options (HO)
)
\@linkdim=\dimen134
\Hy@linkcounter=\count122
\Hy@pagecounter=\count123

(/usr/share/texlive/texmf-dist/tex/latex/hyperref/pd1enc.def
File: pd1enc.def 2012/11/06 v6.83m Hyperref: PDFDocEncoding definition (HO)
Now handling font encoding PD1 ...
... no UTF-8 mapping file for font encoding PD1
)
\Hy@SavedSpaceFactor=\count124

(/usr/share/texlive/texmf-dist/tex/latex/latexconfig/hyperref.cfg
File: hyperref.cfg 2002/06/06 v1.2 hyperref configuration of TeXLive
)
Package hyperref Info: Option `colorlinks' set `true' on input line 4319.
Package hyperref Info: Hyper figures OFF on input line 4443.
Package hyperref Info: Link nesting OFF on input line 4448.
Package hyperref Info: Hyper index ON on input line 4451.
Package hyperref Info: Plain pages OFF on input line 4458.
Package hyperref Info: Backreferencing OFF on input line 4463.
Package hyperref Info: Implicit mode ON; LaTeX internals redefined.
Package hyperref Info: Bookmarks ON on input line 4688.
\c@Hy@tempcnt=\count125
LaTeX Info: Redefining \url on input line 5041.
\XeTeXLinkMargin=\dimen135
\Fld@menulength=\count126
\Field@Width=\dimen136
\Fld@charsize=\dimen137
Package hyperref Info: Hyper figures OFF on input line 6295.
Package hyperref Info: Link nesting OFF on input line 6300.
Package hyperref Info: Hyper index ON on input line 6303.
Package hyperref Info: backreferencing OFF on input line 6310.
Package hyperref Info: Link coloring ON on input line 6313.
Package hyperref Info: Link coloring with OCG OFF on input line 6320.
Package hyperref Info: PDF/A mode OFF on input line 6325.
LaTeX Info: Redefining \ref on input line 6365.
LaTeX Info: Redefining \pageref on input line 6369.
\Hy@abspage=\count127
\c@Item=\count128
\c@Hfootnote=\count129
)

Package hyperref Message: Driver (autodetected): hpdftex.

(/usr/share/texlive/texmf-dist/tex/latex/hyperref/hpdftex.def
File: hpdftex.def 2012/11/06 v6.83m Hyperref driver for pdfTeX
\Fld@listcount=\count130
\c@bookmark@seq@number=\count131

(/usr/share/texlive/texmf-dist/tex/latex/oberdiek/rerunfilecheck.sty
Package: rerunfilecheck 2011/04/15 v1.7 Rerun checks for auxiliary files (HO)
Package uniquecounter Info: New unique counter `rerunfilecheck' on input line 2
82.
)
\Hy@SectionHShift=\skip55
)
(./reportpt1.aux (./capa.aux) (./reportpt1-1.aux) (./reportpt1-2.aux)
(./reportpt1-5.aux)

LaTeX Warning: Label `cap:intro' multiply defined.

(./anexos.aux

LaTeX Warning: Label `fig::anex-music-test-img' multiply defined.

))
\openout1 = `reportpt1.aux'.

LaTeX Font Info:    Checking defaults for OML/cmm/m/it on input line 64.
LaTeX Font Info:    ... okay on input line 64.
LaTeX Font Info:    Checking defaults for T1/cmr/m/n on input line 64.
LaTeX Font Info:    ... okay on input line 64.
LaTeX Font Info:    Checking defaults for OT1/cmr/m/n on input line 64.
LaTeX Font Info:    ... okay on input line 64.
LaTeX Font Info:    Checking defaults for OMS/cmsy/m/n on input line 64.
LaTeX Font Info:    ... okay on input line 64.
LaTeX Font Info:    Checking defaults for OMX/cmex/m/n on input line 64.
LaTeX Font Info:    ... okay on input line 64.
LaTeX Font Info:    Checking defaults for U/cmr/m/n on input line 64.
LaTeX Font Info:    ... okay on input line 64.
LaTeX Font Info:    Checking defaults for PD1/pdf/m/n on input line 64.
LaTeX Font Info:    ... okay on input line 64.
 (/usr/share/texlive/texmf-dist/tex/context/base/supp-pdf.mkii
[Loading MPS to PDF converter (version 2006.09.02).]
\scratchcounter=\count132
\scratchdimen=\dimen138
\scratchbox=\box33
\nofMPsegments=\count133
\nofMParguments=\count134
\everyMPshowfont=\toks28
\MPscratchCnt=\count135
\MPscratchDim=\dimen139
\MPnumerator=\count136
\makeMPintoPDFobject=\count137
\everyMPtoPDFconversion=\toks29
) (/usr/share/texlive/texmf-dist/tex/latex/oberdiek/epstopdf-base.sty
Package: epstopdf-base 2010/02/09 v2.5 Base part for package epstopdf

(/usr/share/texlive/texmf-dist/tex/latex/oberdiek/grfext.sty
Package: grfext 2010/08/19 v1.1 Manage graphics extensions (HO)
)
Package grfext Info: Graphics extension search list:
(grfext)             [.png,.pdf,.jpg,.mps,.jpeg,.jbig2,.jb2,.PNG,.PDF,.JPG,.JPE
G,.JBIG2,.JB2,.eps]
(grfext)             \AppendGraphicsExtensions on input line 452.

(/usr/share/texlive/texmf-dist/tex/latex/latexconfig/epstopdf-sys.cfg
File: epstopdf-sys.cfg 2010/07/13 v1.3 Configuration of (r)epstopdf for TeX Liv
e
))
Package caption Info: Begin \AtBeginDocument code.
Package caption Info: float package is loaded.
Package caption Info: hyperref package is loaded.
Package caption Info: listings package is loaded.
Package caption Info: End \AtBeginDocument code.

*geometry* driver: auto-detecting
*geometry* detected driver: pdftex
*geometry* verbose mode - [ preamble ] result:
* driver: pdftex
* paper: a4paper
* layout: <same size as paper>
* layoutoffset:(h,v)=(0.0pt,0.0pt)
* modes: 
* h-part:(L,W,R)=(89.62709pt, 418.25368pt, 89.6271pt)
* v-part:(T,H,B)=(101.40665pt, 591.5302pt, 152.11pt)
* \paperwidth=597.50787pt
* \paperheight=845.04684pt
* \textwidth=418.25368pt
* \textheight=591.5302pt
* \oddsidemargin=17.3571pt
* \evensidemargin=17.3571pt
* \topmargin=-7.86334pt
* \headheight=12.0pt
* \headsep=25.0pt
* \topskip=10.0pt
* \footskip=30.0pt
* \marginparwidth=57.0pt
* \marginparsep=11.0pt
* \columnsep=10.0pt
* \skip\footins=9.0pt plus 4.0pt minus 2.0pt
* \hoffset=0.0pt
* \voffset=0.0pt
* \mag=1000
* \@twocolumnfalse
* \@twosidefalse
* \@mparswitchfalse
* \@reversemarginfalse
* (1in=72.27pt=25.4mm, 1cm=28.453pt)

\c@lstlisting=\count138
\AtBeginShipoutBox=\box34
Package hyperref Info: Link coloring ON on input line 64.
(/usr/share/texlive/texmf-dist/tex/latex/hyperref/nameref.sty
Package: nameref 2012/10/27 v2.43 Cross-referencing by name of section

(/usr/share/texlive/texmf-dist/tex/generic/oberdiek/gettitlestring.sty
Package: gettitlestring 2010/12/03 v1.4 Cleanup title references (HO)
)
\c@section@level=\count139
)
LaTeX Info: Redefining \ref on input line 64.
LaTeX Info: Redefining \pageref on input line 64.
LaTeX Info: Redefining \nameref on input line 64.

(./reportpt1.out) (./reportpt1.out)
\@outlinefile=\write4
\openout4 = `reportpt1.out'.

\openout2 = `capa.aux'.

 (./capa.tex
<./imagens/EENG.jpg, id=160, 101.4189pt x 78.7743pt>
File: ./imagens/EENG.jpg Graphic file (type jpg)
 <use ./imagens/EENG.jpg>
Package pdftex.def Info: ./imagens/EENG.jpg used on input line 5.
(pdftex.def)             Requested size: 109.89598pt x 85.35826pt.

<./imagens/Paulo.jpg, id=161, 458.71375pt x 458.71375pt>
File: ./imagens/Paulo.jpg Graphic file (type jpg)

<use ./imagens/Paulo.jpg>
Package pdftex.def Info: ./imagens/Paulo.jpg used on input line 25.
(pdftex.def)             Requested size: 125.47737pt x 125.47122pt.

<./imagens/Orlando.jpg, id=162, 710.655pt x 711.65875pt>
File: ./imagens/Orlando.jpg Graphic file (type jpg)

<use ./imagens/Orlando.jpg>
Package pdftex.def Info: ./imagens/Orlando.jpg used on input line 29.
(pdftex.def)             Requested size: 125.47737pt x 125.64977pt.

<./imagens/Oliveira.jpg, id=163, 656.4525pt x 655.44875pt>
File: ./imagens/Oliveira.jpg Graphic file (type jpg)

<use ./imagens/Oliveira.jpg>
Package pdftex.def Info: ./imagens/Oliveira.jpg used on input line 33.
(pdftex.def)             Requested size: 125.47737pt x 125.27664pt.
Package babel Info: Redefining portuges shorthand "|
(babel)             in language  on input line 42.
Package babel Info: Redefining portuges shorthand "|
(babel)             in language  on input line 42.
 [1


{/var/lib/texmf/fonts/map/pdftex/updmap/pdftex.map} <./imagens/EENG.jpg> <./ima
gens/Paulo.jpg> <./imagens/Orlando.jpg> <./imagens/Oliveira.jpg>])
LaTeX Font Info:    Try loading font information for OMS+cmr on input line 73.
 (/usr/share/texlive/texmf-dist/tex/latex/base/omscmr.fd
File: omscmr.fd 1999/05/25 v2.5h Standard LaTeX font definitions
)
LaTeX Font Info:    Font shape `OMS/cmr/m/n' in size <10> not available
(Font)              Font shape `OMS/cmsy/m/n' tried instead on input line 73.
Package babel Info: Redefining portuges shorthand "|
(babel)             in language  on input line 78.
Package babel Info: Redefining portuges shorthand "|
(babel)             in language  on input line 78.
pdfTeX warning (ext4): destination with the same identifier (name{page.1}) has 
been already used, duplicate ignored
<to be read again> 
                   \relax 
l.78 \end{abstract}
                    [1

] (./reportpt1.toc
Package babel Info: Redefining portuges shorthand "|
(babel)             in language  on input line 53.
Package babel Info: Redefining portuges shorthand "|
(babel)             in language  on input line 53.
pdfTeX warning (ext4): destination with the same identifier (name{page.1}) has 
been already used, duplicate ignored
<to be read again> 
                   \relax 
l.53 ...rline {6.2.4}Testes}{48}{subsection.6.2.4}
                                                   [1

])
\tf@toc=\write5
\openout5 = `reportpt1.toc'.

Package babel Info: Redefining portuges shorthand "|
(babel)             in language  on input line 100.
Package babel Info: Redefining portuges shorthand "|
(babel)             in language  on input line 100.
 [2]
Cap\'{\i }tulo 1.
Package babel Info: Redefining portuges shorthand "|
(babel)             in language  on input line 100.
Package babel Info: Redefining portuges shorthand "|
(babel)             in language  on input line 107.
Package babel Info: Redefining portuges shorthand "|
(babel)             in language  on input line 107.
[3

]
\openout2 = `reportpt1-1.aux'.

 (./reportpt1-1.tex
Cap\'{\i }tulo 2.
Package babel Info: Redefining portuges shorthand "|
(babel)             in language  on input line 1.
Package babel Info: Redefining portuges shorthand "|
(babel)             in language  on input line 5.
Package babel Info: Redefining portuges shorthand "|
(babel)             in language  on input line 10.
Package babel Info: Redefining portuges shorthand "|
(babel)             in language  on input line 12.
LaTeX Font Info:    Try loading font information for T1+cmtt on input line 14.
(/usr/share/texlive/texmf-dist/tex/latex/base/t1cmtt.fd
File: t1cmtt.fd 1999/05/25 v2.5h Standard LaTeX font definitions
)
Package babel Info: Redefining portuges shorthand "|
(babel)             in language  on input line 16.
Package babel Info: Redefining portuges shorthand "|
(babel)             in language  on input line 16.
 [4


]
Package babel Info: Redefining portuges shorthand "|
(babel)             in language  on input line 17.

Overfull \hbox (2.75462pt too wide) in paragraph at lines 27--29
[][]\T1/cmtt/m/n/10 \<quando[ \t]+[a-zA-Z]+=\"[0-9]{4}(.|-)[0-9]{2}(.|-)[0-9]{2
} \T1/cmr/m/n/10 De se-guida pre-ten-de-mos
 []


Overfull \hbox (32.02525pt too wide) in paragraph at lines 40--42
\T1/cmr/m/n/10 чуo da foto щ o facto que esta re-pre-senta: []\T1/cmtt/m/n/10 <
facto> Os noivos cortam o bolo de casamento</facto>\T1/cmr/m/n/10 .
 []

Package babel Info: Redefining portuges shorthand "|
(babel)             in language  on input line 42.
Package babel Info: Redefining portuges shorthand "|
(babel)             in language  on input line 42.
[5]
Package babel Info: Redefining portuges shorthand "|
(babel)             in language  on input line 49.
Package babel Info: Redefining portuges shorthand "|
(babel)             in language  on input line 56.
Package babel Info: Redefining portuges shorthand "|
(babel)             in language  on input line 68.
Package babel Info: Redefining portuges shorthand "|
(babel)             in language  on input line 68.
 [6])
Package babel Info: Redefining portuges shorthand "|
(babel)             in language  on input line 107.
Package babel Info: Redefining portuges shorthand "|
(babel)             in language  on input line 107.
 [7]
\openout2 = `reportpt1-2.aux'.

 (./reportpt1-2.tex
Cap\'{\i }tulo 3.
Package babel Info: Redefining portuges shorthand "|
(babel)             in language  on input line 1.
Package babel Info: Redefining portuges shorthand "|
(babel)             in language  on input line 23.
Package babel Info: Redefining portuges shorthand "|
(babel)             in language  on input line 28.
Package babel Info: Redefining portuges shorthand "|
(babel)             in language  on input line 28.
[8



]
Underfull \hbox (badness 10000) in paragraph at lines 28--29

 []


Underfull \hbox (badness 10000) in paragraph at lines 35--36

 []


Underfull \hbox (badness 10000) in paragraph at lines 39--40

 []


Underfull \hbox (badness 10000) in paragraph at lines 45--46

 []

Package babel Info: Redefining portuges shorthand "|
(babel)             in language  on input line 51.
Package babel Info: Redefining portuges shorthand "|
(babel)             in language  on input line 53.
Package babel Info: Redefining portuges shorthand "|
(babel)             in language  on input line 56.
Package babel Info: Redefining portuges shorthand "|
(babel)             in language  on input line 56.
[9] <anexos/2-2/tree.png, id=275, 275.0275pt x 314.17375pt>
File: anexos/2-2/tree.png Graphic file (type png)

<use anexos/2-2/tree.png>
Package pdftex.def Info: anexos/2-2/tree.png used on input line 59.
(pdftex.def)             Requested size: 199.16928pt x 227.52324pt.
Package babel Info: Redefining portuges shorthand "|
(babel)             in language  on input line 65.
Package babel Info: Redefining portuges shorthand "|
(babel)             in language  on input line 81.
Package babel Info: Redefining portuges shorthand "|
(babel)             in language  on input line 81.
 [10 <./anexos/2-2/tree.png>]
Package babel Info: Redefining portuges shorthand "|
(babel)             in language  on input line 122.
Package babel Info: Redefining portuges shorthand "|
(babel)             in language  on input line 126.
Package babel Info: Redefining portuges shorthand "|
(babel)             in language  on input line 126.
 [11]
<anexos/2-2/programa.png, id=286, 420.57124pt x 451.6875pt>
File: anexos/2-2/programa.png Graphic file (type png)

<use anexos/2-2/programa.png>
Package pdftex.def Info: anexos/2-2/programa.png used on input line 129.
(pdftex.def)             Requested size: 199.16928pt x 213.90591pt.
Package babel Info: Redefining portuges shorthand "|
(babel)             in language  on input line 132.
Package babel Info: Redefining portuges shorthand "|
(babel)             in language  on input line 144.
Package babel Info: Redefining portuges shorthand "|
(babel)             in language  on input line 144.
 [12 <./anexos/2-2/programa.png>])
Package babel Info: Redefining portuges shorthand "|
(babel)             in language  on input line 108.
Package babel Info: Redefining portuges shorthand "|
(babel)             in language  on input line 108.
 [13]
\openout2 = `reportpt1-5.aux'.


(./reportpt1-5.tex
Cap\'{\i }tulo 4.
Package babel Info: Redefining portuges shorthand "|
(babel)             in language  on input line 1.
Package babel Info: Redefining portuges shorthand "|
(babel)             in language  on input line 6.
Package babel Info: Redefining portuges shorthand "|
(babel)             in language  on input line 15.
Package babel Info: Redefining portuges shorthand "|
(babel)             in language  on input line 18.
Package babel Info: Redefining portuges shorthand "|
(babel)             in language  on input line 23.
Package babel Info: Redefining portuges shorthand "|
(babel)             in language  on input line 23.
[14



]
Package babel Info: Redefining portuges shorthand "|
(babel)             in language  on input line 27.
Package babel Info: Redefining portuges shorthand "|
(babel)             in language  on input line 45.
Package babel Info: Redefining portuges shorthand "|
(babel)             in language  on input line 59.
Package babel Info: Redefining portuges shorthand "|
(babel)             in language  on input line 63.
Package babel Info: Redefining portuges shorthand "|
(babel)             in language  on input line 63.
 [15])
Package babel Info: Redefining portuges shorthand "|
(babel)             in language  on input line 109.
Package babel Info: Redefining portuges shorthand "|
(babel)             in language  on input line 109.
 [16]
Cap\'{\i }tulo 5.
Package babel Info: Redefining portuges shorthand "|
(babel)             in language  on input line 111.
Package babel Info: Redefining portuges shorthand "|
(babel)             in language  on input line 119.
Package babel Info: Redefining portuges shorthand "|
(babel)             in language  on input line 119.
[17


]
\openout2 = `anexos.aux'.

 (./anexos.tex
Cap\'{\i }tulo 6.
Package babel Info: Redefining portuges shorthand "|
(babel)             in language  on input line 1.
Package babel Info: Redefining portuges shorthand "|
(babel)             in language  on input line 5.
Package babel Info: Redefining portuges shorthand "|
(babel)             in language  on input line 8.
File: anexos/2-1/C/parte_lex.l  (verbatim)
Package babel Info: Redefining portuges shorthand "|
(babel)             in language  on input line 10.
Package babel Info: Redefining portuges shorthand "|
(babel)             in language  on input line 10.
[18


]
Package babel Info: Redefining portuges shorthand "|
(babel)             in language  on input line 12.
 (/usr/share/texlive/texmf-dist/tex/latex/listings/lstlang1.sty
File: lstlang1.sty 2013/08/26 1.5b listings language file
)
(/usr/share/texlive/texmf-dist/tex/latex/listings/lstmisc.sty
File: lstmisc.sty 2013/08/26 1.5b (Carsten Heinz)
)
(/usr/share/texlive/texmf-dist/tex/latex/base/utf8.def
File: utf8.def 2008/04/05 v1.1m UTF-8 support for inputenc
) (./anexos/2-1/C/album.c
Package babel Info: Redefining portuges shorthand "|
(babel)             in language  on input line 35.
Package babel Info: Redefining portuges shorthand "|
(babel)             in language  on input line 35.
[19]
Overfull \hbox (79.62854pt too wide) in paragraph at lines 75--76
[][][][][][][][][][][][][][][][][][][][][][][][][][][][][][][][][] 
 []

Package babel Info: Redefining portuges shorthand "|
(babel)             in language  on input line 83.
Package babel Info: Redefining portuges shorthand "|
(babel)             in language  on input line 83.
[20]
Package babel Info: Redefining portuges shorthand "|
(babel)             in language  on input line 132.
Package babel Info: Redefining portuges shorthand "|
(babel)             in language  on input line 132.
 [21]
Overfull \hbox (25.64131pt too wide) in paragraph at lines 150--151
[][][][][][][][][][][][][][][][][][][][][][][][][][][][][][][][][][][][][][] 
 []


Overfull \hbox (67.63138pt too wide) in paragraph at lines 153--154
[][][][][][][][][][][][][][][][][][][][][][][][][][][][][][][][][][][][][][][][
] 
 []


Overfull \hbox (73.62996pt too wide) in paragraph at lines 154--155
[][][][][][][][][][][][][][][][][][][][][][][][][][][][][][][][][][][][][][][][
] 
 []


Overfull \hbox (55.63422pt too wide) in paragraph at lines 155--156
[][][][][][][][][][][][][][][][][][][][][][][][][][][][][][][][][][][][][][][][
] 
 []


Overfull \hbox (55.63422pt too wide) in paragraph at lines 169--171
[][][][][][][][][][][][][][][][][][][][][][][][][][][][][][][][][][] 
 []

Package babel Info: Redefining portuges shorthand "|
(babel)             in language  on input line 181.
Package babel Info: Redefining portuges shorthand "|
(babel)             in language  on input line 181.
[22]
Overfull \hbox (55.63422pt too wide) in paragraph at lines 191--193
[][][][][][][][][][][][][][][][][][][][][][][][][][][][][][][][][][] 
 []


Overfull \hbox (25.64131pt too wide) in paragraph at lines 197--198
[][][][][][][][][][][][][][][][][][][][][][][][][][][][] 
 []


Overfull \hbox (91.6257pt too wide) in paragraph at lines 202--203
[][][][][][][][][][][][][][][][][][][][][][][][][][][][][][][][][][][][][][][][
][][][] 
 []

)
Package babel Info: Redefining portuges shorthand "|
(babel)             in language  on input line 16.
Package babel Info: Redefining portuges shorthand "|
(babel)             in language  on input line 18.
Package babel Info: Redefining portuges shorthand "|
(babel)             in language  on input line 18.
 [23] (/usr/share/texlive/texmf-dist/tex/latex/base/utf8.def
File: utf8.def 2008/04/05 v1.1m UTF-8 support for inputenc
)
(./anexos/2-1/C/album.h)
Package babel Info: Redefining portuges shorthand "|
(babel)             in language  on input line 20.

(/usr/share/texlive/texmf-dist/tex/latex/listings/lstlang1.sty
File: lstlang1.sty 2013/08/26 1.5b listings language file
)
(/usr/share/texlive/texmf-dist/tex/latex/listings/lstmisc.sty
File: lstmisc.sty 2013/08/26 1.5b (Carsten Heinz)
)
(/usr/share/texlive/texmf-dist/tex/latex/base/utf8.def
File: utf8.def 2008/04/05 v1.1m UTF-8 support for inputenc
)
(./anexos/2-1/Exemplo1/legenda.xml
Package babel Info: Redefining portuges shorthand "|
(babel)             in language  on input line 5.
Package babel Info: Redefining portuges shorthand "|
(babel)             in language  on input line 5.
 [24])
(/usr/share/texlive/texmf-dist/tex/latex/listings/lstlang1.sty
File: lstlang1.sty 2013/08/26 1.5b listings language file
)
(/usr/share/texlive/texmf-dist/tex/latex/base/utf8.def
File: utf8.def 2008/04/05 v1.1m UTF-8 support for inputenc
)
(./anexos/2-1/Exemplo1/AlbumGerado.html)
<anexos/2-1/Exemplo1/Screenshots/indice.png, id=651, 1316.92pt x 222.8325pt>
File: anexos/2-1/Exemplo1/Screenshots/indice.png Graphic file (type png)

<use anexos/2-1/Exemplo1/Screenshots/indice.png>
Package pdftex.def Info: anexos/2-1/Exemplo1/Screenshots/indice.png used on inp
ut line 32.
(pdftex.def)             Requested size: 426.79134pt x 72.21568pt.

Overfull \hbox (8.53766pt too wide) in paragraph at lines 32--33
 [][] 
 []

(/usr/share/texlive/texmf-dist/tex/latex/base/utf8.def
File: utf8.def 2008/04/05 v1.1m UTF-8 support for inputenc
)
(./anexos/2-1/Exemplo1/1.html
Package babel Info: Redefining portuges shorthand "|
(babel)             in language  on input line 2.
Package babel Info: Redefining portuges shorthand "|
(babel)             in language  on input line 2.
 [25 <./anexos/2-1/Exemplo1/Screenshots/indice.png>])
Package babel Info: Redefining portuges shorthand "|
(babel)             in language  on input line 37.
Package babel Info: Redefining portuges shorthand "|
(babel)             in language  on input line 37.
 [26]
<anexos/2-1/Exemplo1/Screenshots/pag1.png, id=743, 1199.48125pt x 661.47125pt>
File: anexos/2-1/Exemplo1/Screenshots/pag1.png Graphic file (type png)

<use anexos/2-1/Exemplo1/Screenshots/pag1.png>
Package pdftex.def Info: anexos/2-1/Exemplo1/Screenshots/pag1.png used on input
 line 41.
(pdftex.def)             Requested size: 426.79134pt x 235.35382pt.

Overfull \hbox (8.53766pt too wide) in paragraph at lines 41--42
 [][] 
 []


<anexos/2-1/Exemplo1/Screenshots/pag2.png, id=744, 1287.81125pt x 522.95375pt>
File: anexos/2-1/Exemplo1/Screenshots/pag2.png Graphic file (type png)

<use anexos/2-1/Exemplo1/Screenshots/pag2.png>
Package pdftex.def Info: anexos/2-1/Exemplo1/Screenshots/pag2.png used on input
 line 47.
(pdftex.def)             Requested size: 426.79134pt x 173.30939pt.

Overfull \hbox (8.53766pt too wide) in paragraph at lines 47--48
 [][] 
 []

(/usr/share/texlive/texmf-dist/tex/latex/base/utf8.def
File: utf8.def 2008/04/05 v1.1m UTF-8 support for inputenc
)
(./anexos/2-1/Exemplo2/legenda.xml
Package babel Info: Redefining portuges shorthand "|
(babel)             in language  on input line 6.
Package babel Info: Redefining portuges shorthand "|
(babel)             in language  on input line 6.
 [27 <./anexos/2-1/Exemplo1/Screenshots/pag1.png> <./anexos/2-1/Exemplo1/Screen
shots/pag2.png>])
(/usr/share/texlive/texmf-dist/tex/latex/base/utf8.def
File: utf8.def 2008/04/05 v1.1m UTF-8 support for inputenc
)
(./anexos/2-1/Exemplo2/AlbumGerado.html
Package babel Info: Redefining portuges shorthand "|
(babel)             in language  on input line 14.
Package babel Info: Redefining portuges shorthand "|
(babel)             in language  on input line 14.
 [28])
<anexos/2-1/Exemplo2/Screenshots/indice.png, id=805, 1236.62pt x 274.02374pt>
File: anexos/2-1/Exemplo2/Screenshots/indice.png Graphic file (type png)

<use anexos/2-1/Exemplo2/Screenshots/indice.png>
Package pdftex.def Info: anexos/2-1/Exemplo2/Screenshots/indice.png used on inp
ut line 61.
(pdftex.def)             Requested size: 426.79134pt x 94.57173pt.

Overfull \hbox (8.53766pt too wide) in paragraph at lines 61--62
 [][] 
 []

(/usr/share/texlive/texmf-dist/tex/latex/base/utf8.def
File: utf8.def 2008/04/05 v1.1m UTF-8 support for inputenc
)
(./anexos/2-1/Exemplo2/5.html
Package babel Info: Redefining portuges shorthand "|
(babel)             in language  on input line 18.
Package babel Info: Redefining portuges shorthand "|
(babel)             in language  on input line 18.
 [29 <./anexos/2-1/Exemplo2/Screenshots/indice.png>])
<anexos/2-1/Exemplo2/Screenshots/pag1.png, id=843, 1239.63126pt x 662.475pt>
File: anexos/2-1/Exemplo2/Screenshots/pag1.png Graphic file (type png)

<use anexos/2-1/Exemplo2/Screenshots/pag1.png>
Package pdftex.def Info: anexos/2-1/Exemplo2/Screenshots/pag1.png used on input
 line 70.
(pdftex.def)             Requested size: 426.79134pt x 228.07903pt.

Overfull \hbox (8.53766pt too wide) in paragraph at lines 70--71
 [][] 
 []

(/usr/share/texlive/texmf-dist/tex/latex/base/utf8.def
File: utf8.def 2008/04/05 v1.1m UTF-8 support for inputenc
)
(./anexos/2-1/Exemplo2/6.html
Package babel Info: Redefining portuges shorthand "|
(babel)             in language  on input line 10.
Package babel Info: Redefining portuges shorthand "|
(babel)             in language  on input line 10.
 [30 <./anexos/2-1/Exemplo2/Screenshots/pag1.png>]) <anexos/2-1/Exemplo2/Screen
shots/pag2.png, id=872, 1239.63126pt x 662.475pt>
File: anexos/2-1/Exemplo2/Screenshots/pag2.png Graphic file (type png)

<use anexos/2-1/Exemplo2/Screenshots/pag2.png>
Package pdftex.def Info: anexos/2-1/Exemplo2/Screenshots/pag2.png used on input
 line 79.
(pdftex.def)             Requested size: 426.79134pt x 228.07903pt.

Overfull \hbox (8.53766pt too wide) in paragraph at lines 79--80
 [][] 
 []

(/usr/share/texlive/texmf-dist/tex/latex/base/utf8.def
File: utf8.def 2008/04/05 v1.1m UTF-8 support for inputenc
)
(./anexos/2-1/Exemplo3/legenda.xml
Package babel Info: Redefining portuges shorthand "|
(babel)             in language  on input line 2.
Package babel Info: Redefining portuges shorthand "|
(babel)             in language  on input line 2.
 [31 <./anexos/2-1/Exemplo2/Screenshots/pag2.png>]
Package babel Info: Redefining portuges shorthand "|
(babel)             in language  on input line 45.
Package babel Info: Redefining portuges shorthand "|
(babel)             in language  on input line 45.
 [32]) (/usr/share/texlive/texmf-dist/tex/latex/base/utf8.def
File: utf8.def 2008/04/05 v1.1m UTF-8 support for inputenc
)
(./anexos/2-1/Exemplo3/AlbumGerado.html)
<anexos/2-1/Exemplo3/Screenshots/indice.png, id=948, 1227.58624pt x 223.83624pt
>
File: anexos/2-1/Exemplo3/Screenshots/indice.png Graphic file (type png)
 <use anexos/2-1/Exemplo3/Screenshots/indice.png>
Package pdftex.def Info: anexos/2-1/Exemplo3/Screenshots/indice.png used on inp
ut line 93.
(pdftex.def)             Requested size: 426.79134pt x 77.82129pt.

Overfull \hbox (8.53766pt too wide) in paragraph at lines 93--94
 [][] 
 []

(/usr/share/texlive/texmf-dist/tex/latex/base/utf8.def
File: utf8.def 2008/04/05 v1.1m UTF-8 support for inputenc
)
(./anexos/2-1/Exemplo3/3.html
Package babel Info: Redefining portuges shorthand "|
(babel)             in language  on input line 8.
Package babel Info: Redefining portuges shorthand "|
(babel)             in language  on input line 8.
 [33 <./anexos/2-1/Exemplo3/Screenshots/indice.png>])
<anexos/2-1/Exemplo3/Screenshots/pag2.png, id=990, 1246.6575pt x 661.47125pt>
File: anexos/2-1/Exemplo3/Screenshots/pag2.png Graphic file (type png)

<use anexos/2-1/Exemplo3/Screenshots/pag2.png>
Package pdftex.def Info: anexos/2-1/Exemplo3/Screenshots/pag2.png used on input
 line 102.
(pdftex.def)             Requested size: 426.79134pt x 226.4516pt.

Overfull \hbox (8.53766pt too wide) in paragraph at lines 102--103
 [][] 
 []

Package babel Info: Redefining portuges shorthand "|
(babel)             in language  on input line 105.
Package babel Info: Redefining portuges shorthand "|
(babel)             in language  on input line 105.
[34] (/usr/share/texlive/texmf-dist/tex/latex/base/utf8.def
File: utf8.def 2008/04/05 v1.1m UTF-8 support for inputenc
)
(./anexos/2-1/Exemplo3/4.html
Package babel Info: Redefining portuges shorthand "|
(babel)             in language  on input line 26.
Package babel Info: Redefining portuges shorthand "|
(babel)             in language  on input line 26.
 [35 <./anexos/2-1/Exemplo3/Screenshots/pag2.png>])
<anexos/2-1/Exemplo3/Screenshots/pag1.png, id=1051, 1242.6425pt x 660.4675pt>
File: anexos/2-1/Exemplo3/Screenshots/pag1.png Graphic file (type png)

<use anexos/2-1/Exemplo3/Screenshots/pag1.png>
Package pdftex.def Info: anexos/2-1/Exemplo3/Screenshots/pag1.png used on input
 line 111.
(pdftex.def)             Requested size: 426.79134pt x 226.83359pt.

Overfull \hbox (8.53766pt too wide) in paragraph at lines 111--112
 [][] 
 []

(/usr/share/texlive/texmf-dist/tex/latex/base/utf8.def
File: utf8.def 2008/04/05 v1.1m UTF-8 support for inputenc
)
(./anexos/2-1/Exemplo4/exemplo.xml)
Package babel Info: Redefining portuges shorthand "|
(babel)             in language  on input line 121.
Package babel Info: Redefining portuges shorthand "|
(babel)             in language  on input line 121.
 [36 <./anexos/2-1/Exemplo3/Screenshots/pag1.png>] (/usr/share/texlive/texmf-di
st/tex/latex/base/utf8.def
File: utf8.def 2008/04/05 v1.1m UTF-8 support for inputenc
)
(./anexos/2-1/Exemplo4/AlbumGerado.html)
<anexos/2-1/Exemplo4/Screenshots/indice.png, id=1077, 1301.86375pt x 212.795pt>
File: anexos/2-1/Exemplo4/Screenshots/indice.png Graphic file (type png)
<use anexos/2-1/Exemplo4/Screenshots/indice.png>
Package pdftex.def Info: anexos/2-1/Exemplo4/Screenshots/indice.png used on inp
ut line 125.
(pdftex.def)             Requested size: 426.79134pt x 69.76149pt.

Overfull \hbox (8.53766pt too wide) in paragraph at lines 125--126
 [][] 
 []

(/usr/share/texlive/texmf-dist/tex/latex/base/utf8.def
File: utf8.def 2008/04/05 v1.1m UTF-8 support for inputenc
)
(./anexos/2-1/Exemplo4/1.html
Package babel Info: Redefining portuges shorthand "|
(babel)             in language  on input line 15.
Package babel Info: Redefining portuges shorthand "|
(babel)             in language  on input line 15.
 [37 <./anexos/2-1/Exemplo4/Screenshots/indice.png>])
<anexos/2-1/Exemplo4/Screenshots/pag1.png, id=1120, 1243.64626pt x 663.47874pt>
File: anexos/2-1/Exemplo4/Screenshots/pag1.png Graphic file (type png)
<use anexos/2-1/Exemplo4/Screenshots/pag1.png>
Package pdftex.def Info: anexos/2-1/Exemplo4/Screenshots/pag1.png used on input
 line 134.
(pdftex.def)             Requested size: 426.79134pt x 227.68555pt.

Overfull \hbox (8.53766pt too wide) in paragraph at lines 134--135
 [][] 
 []

Package babel Info: Redefining portuges shorthand "|
(babel)             in language  on input line 137.
Package babel Info: Redefining portuges shorthand "|
(babel)             in language  on input line 137.
[38] (/usr/share/texlive/texmf-dist/tex/latex/base/utf8.def
File: utf8.def 2008/04/05 v1.1m UTF-8 support for inputenc
)
(./anexos/2-1/Exemplo4/2.html
Package babel Info: Redefining portuges shorthand "|
(babel)             in language  on input line 26.
Package babel Info: Redefining portuges shorthand "|
(babel)             in language  on input line 26.
 [39 <./anexos/2-1/Exemplo4/Screenshots/pag1.png>])
<anexos/2-1/Exemplo4/Screenshots/pag2_2.png, id=1186, 1242.6425pt x 522.95375pt
>
File: anexos/2-1/Exemplo4/Screenshots/pag2_2.png Graphic file (type png)
 <use anexos/2-1/Exemplo4/Screenshots/pag2_2.png>
Package pdftex.def Info: anexos/2-1/Exemplo4/Screenshots/pag2_2.png used on inp
ut line 143.
(pdftex.def)             Requested size: 426.79134pt x 179.60532pt.

Overfull \hbox (8.53766pt too wide) in paragraph at lines 143--144
 [][] 
 []

Package babel Info: Redefining portuges shorthand "|
(babel)             in language  on input line 147.
Package babel Info: Redefining portuges shorthand "|
(babel)             in language  on input line 150.
File: anexos/2-2/enamex.l  (verbatim)
Package babel Info: Redefining portuges shorthand "|
(babel)             in language  on input line 152.
Package babel Info: Redefining portuges shorthand "|
(babel)             in language  on input line 152.
[40 <./anexos/2-1/Exemplo4/Screenshots/pag2_2.png>]
Package babel Info: Redefining portuges shorthand "|
(babel)             in language  on input line 152.
Package babel Info: Redefining portuges shorthand "|
(babel)             in language  on input line 152.
 [41]
Overfull \hbox (85.62328pt too wide) in paragraph at lines 152--152
[]    \T1/cmtt/m/n/10 fprintf(f, "<DOCTYPE !html>\n<html>\n\t<head> <meta chars
et=\"UTF-8\">\n Grupo 7</head>\n");[] 
 []


Overfull \hbox (38.38481pt too wide) in paragraph at lines 152--152
[]    \T1/cmtt/m/n/10 fprintf(f, "<link type=\"text/css\" rel=\"stylesheet\" hr
ef=\"stylesheet.css\"/>");[] 
 []

Package babel Info: Redefining portuges shorthand "|
(babel)             in language  on input line 152.
Package babel Info: Redefining portuges shorthand "|
(babel)             in language  on input line 152.
[42]
Overfull \hbox (1.64378pt too wide) in paragraph at lines 152--152
[]    \T1/cmtt/m/n/10 fprintf(f, "<a href=\"countrys.html\"><p class=\"ind\">Co
untrys</p></a>\n");[] 
 []


Overfull \hbox (54.13097pt too wide) in paragraph at lines 152--152
[]    \T1/cmtt/m/n/10 fprintf(f, "<a href=\"organizations.html\"><p class=\"ind
\">Organizations</p></a>\n");[] 
 []


Overfull \hbox (69.87712pt too wide) in paragraph at lines 152--152
[]    \T1/cmtt/m/n/10 fprintf(f, "<a href=\"otherlocations.html\"><p class=\"in
d\">Other Locations</p></a>\n");[] 
 []


Overfull \hbox (6.8925pt too wide) in paragraph at lines 152--152
[]    \T1/cmtt/m/n/10 fprintf(p, "<a href=\"index.html\"><p>Voltar</p></a>\n\t<
/body>\n</html>\n");[] 
 []


Overfull \hbox (6.8925pt too wide) in paragraph at lines 152--152
[]    \T1/cmtt/m/n/10 fprintf(c, "<a href=\"index.html\"><p>Voltar</p></a>\n\t<
/body>\n</html>\n");[] 
 []


Overfull \hbox (6.8925pt too wide) in paragraph at lines 152--152
[]    \T1/cmtt/m/n/10 fprintf(o, "<a href=\"index.html\"><p>Voltar</p></a>\n\t<
/body>\n</html>\n");[] 
 []

Package babel Info: Redefining portuges shorthand "|
(babel)             in language  on input line 152.
Package babel Info: Redefining portuges shorthand "|
(babel)             in language  on input line 152.
[43]
Overfull \hbox (12.14122pt too wide) in paragraph at lines 152--152
[]    \T1/cmtt/m/n/10 fprintf(ac, "<a href=\"index.html\"><p>Voltar</p></a>\n\t
</body>\n</html>\n");[] 
 []


Overfull \hbox (12.14122pt too wide) in paragraph at lines 152--152
[]    \T1/cmtt/m/n/10 fprintf(ol, "<a href=\"index.html\"><p>Voltar</p></a>\n\t
</body>\n</html>\n");[] 
 []

Package babel Info: Redefining portuges shorthand "|
(babel)             in language  on input line 154.
(/usr/share/texlive/texmf-dist/tex/latex/base/utf8.def
File: utf8.def 2008/04/05 v1.1m UTF-8 support for inputenc
) (./anexos/2-2/tree.c
Package babel Info: Redefining portuges shorthand "|
(babel)             in language  on input line 30.
Package babel Info: Redefining portuges shorthand "|
(babel)             in language  on input line 30.

[44]
Overfull \hbox (31.6399pt too wide) in paragraph at lines 58--59
[][][][][][][][][][][][][][][][][][][][][][][][][][][][][][][][][][] 
 []

Package babel Info: Redefining portuges shorthand "|
(babel)             in language  on input line 79.
Package babel Info: Redefining portuges shorthand "|
(babel)             in language  on input line 79.
[45]
Package babel Info: Redefining portuges shorthand "|
(babel)             in language  on input line 128.
Package babel Info: Redefining portuges shorthand "|
(babel)             in language  on input line 128.
 [46])
Package babel Info: Redefining portuges shorthand "|
(babel)             in language  on input line 158.
 (/usr/share/texlive/texmf-dist/tex/latex/base/utf8.def
File: utf8.def 2008/04/05 v1.1m UTF-8 support for inputenc
)
(./anexos/2-2/tree.h
LaTeX Font Info:    Font shape `OMS/cmr/m/it' in size <10> not available
(Font)              Font shape `OMS/cmsy/m/n' tried instead on input line 8.
Package babel Info: Redefining portuges shorthand "|
(babel)             in language  on input line 14.
Package babel Info: Redefining portuges shorthand "|
(babel)             in language  on input line 14.
 [47]
Overfull \hbox (73.62996pt too wide) in paragraph at lines 26--27
[][][][][][][][][][][][][][][][][][][][][][][][][][][][][][][][][] 
 []

)
Package babel Info: Redefining portuges shorthand "|
(babel)             in language  on input line 163.
 (/usr/share/texlive/texmf-dist/tex/latex/base/utf8.def
File: utf8.def 2008/04/05 v1.1m UTF-8 support for inputenc
)
(./anexos/2-2/teste1_locais.txt)
No file anexos/2-2/2-5-a-out.
<anexos/2-2/output_teste1.png, id=1416, 166.6225pt x 273.02pt>
File: anexos/2-2/output_teste1.png Graphic file (type png)

<use anexos/2-2/output_teste1.png>
Package pdftex.def Info: anexos/2-2/output_teste1.png used on input line 174.
(pdftex.def)             Requested size: 113.81102pt x 186.4885pt.
Package babel Info: Redefining portuges shorthand "|
(babel)             in language  on input line 176.
Package babel Info: Redefining portuges shorthand "|
(babel)             in language  on input line 176.
 [48]
(/usr/share/texlive/texmf-dist/tex/latex/base/utf8.def
File: utf8.def 2008/04/05 v1.1m UTF-8 support for inputenc
)
(./anexos/2-2/teste2_enunciado.txt)
Package babel Info: Redefining portuges shorthand "|
(babel)             in language  on input line 180.
Package babel Info: Redefining portuges shorthand "|
(babel)             in language  on input line 180.
 [49 <./anexos/2-2/output_teste1.png>]
No file anexos/2-2/2-5-a-out.
<anexos/2-2/output_teste2.png, id=1468, 109.40875pt x 248.93pt>
File: anexos/2-2/output_teste2.png Graphic file (type png)

<use anexos/2-2/output_teste2.png>
Package pdftex.def Info: anexos/2-2/output_teste2.png used on input line 187.
(pdftex.def)             Requested size: 113.81102pt x 258.94945pt.

(/usr/share/texlive/texmf-dist/tex/latex/base/utf8.def
File: utf8.def 2008/04/05 v1.1m UTF-8 support for inputenc
)
(./anexos/2-2/teste3_internet.txt
Package babel Info: Redefining portuges shorthand "|
(babel)             in language  on input line 14.
Package babel Info: Redefining portuges shorthand "|
(babel)             in language  on input line 14.
 [50 <./anexos/2-2/output_teste2.png>]
Package babel Info: Redefining portuges shorthand "|
(babel)             in language  on input line 45.
Package babel Info: Redefining portuges shorthand "|
(babel)             in language  on input line 45.

[51]
Package babel Info: Redefining portuges shorthand "|
(babel)             in language  on input line 77.
Package babel Info: Redefining portuges shorthand "|
(babel)             in language  on input line 77.
 [52])
No file anexos/2-2/2-5-a-out.
<anexos/2-2/output_teste3.png, id=1560, 188.705pt x 553.06625pt>
File: anexos/2-2/output_teste3.png Graphic file (type png)

<use anexos/2-2/output_teste3.png>
Package pdftex.def Info: anexos/2-2/output_teste3.png used on input line 199.
(pdftex.def)             Requested size: 113.81102pt x 333.56389pt.
Package babel Info: Redefining portuges shorthand "|
(babel)             in language  on input line 201.
Package babel Info: Redefining portuges shorthand "|
(babel)             in language  on input line 201.
 [53]
Package babel Info: Redefining portuges shorthand "|
(babel)             in language  on input line 207.
Package babel Info: Redefining portuges shorthand "|
(babel)             in language  on input line 210.
File: anexos/2-5/flex.l  (verbatim)
Package babel Info: Redefining portuges shorthand "|
(babel)             in language  on input line 212.
Package babel Info: Redefining portuges shorthand "|
(babel)             in language  on input line 212.
 [54 <./anexos/2-2/output_teste3.png>]
Package babel Info: Redefining portuges shorthand "|
(babel)             in language  on input line 214.

(/usr/share/texlive/texmf-dist/tex/latex/base/utf8.def
File: utf8.def 2008/04/05 v1.1m UTF-8 support for inputenc
) (./anexos/2-5/musica.c
Package babel Info: Redefining portuges shorthand "|
(babel)             in language  on input line 7.
Package babel Info: Redefining portuges shorthand "|
(babel)             in language  on input line 7.

[55]
Overfull \hbox (49.63564pt too wide) in paragraph at lines 7--8
[][][][][][] 
 []


Overfull \hbox (49.63564pt too wide) in paragraph at lines 9--11
[][][][][][] 
 []


Overfull \hbox (49.63564pt too wide) in paragraph at lines 33--34
[][][][][][] 
 []


Overfull \hbox (49.63564pt too wide) in paragraph at lines 35--36
[][][][][][] 
 []

Package babel Info: Redefining portuges shorthand "|
(babel)             in language  on input line 55.
Package babel Info: Redefining portuges shorthand "|
(babel)             in language  on input line 55.
[56]
Package babel Info: Redefining portuges shorthand "|
(babel)             in language  on input line 104.
Package babel Info: Redefining portuges shorthand "|
(babel)             in language  on input line 104.
 [57]
Overfull \hbox (19.64273pt too wide) in paragraph at lines 140--141
[][][][][][][][][][][][][][][][][][][][][][][][] 
 []

Package babel Info: Redefining portuges shorthand "|
(babel)             in language  on input line 153.
Package babel Info: Redefining portuges shorthand "|
(babel)             in language  on input line 153.
[58])
Package babel Info: Redefining portuges shorthand "|
(babel)             in language  on input line 218.
 (/usr/share/texlive/texmf-dist/tex/latex/base/utf8.def
File: utf8.def 2008/04/05 v1.1m UTF-8 support for inputenc
)
(./anexos/2-5/musica.h)
Package babel Info: Redefining portuges shorthand "|
(babel)             in language  on input line 222.
File: anexos/2-5/2-5-a-in  (verbatim)
Package babel Info: Redefining portuges shorthand "|
(babel)             in language  on input line 226.
Package babel Info: Redefining portuges shorthand "|
(babel)             in language  on input line 226.
 [59]
File: anexos/2-5/2-5-a-out  (verbatim)
Package babel Info: Redefining portuges shorthand "|
(babel)             in language  on input line 230.
Package babel Info: Redefining portuges shorthand "|
(babel)             in language  on input line 230.
 [60]
File: anexos/2-5/2-5-a-in  (verbatim)
Package babel Info: Redefining portuges shorthand "|
(babel)             in language  on input line 234.
Package babel Info: Redefining portuges shorthand "|
(babel)             in language  on input line 234.
 [61]
File: anexos/2-5/2-5-b-out  (verbatim)
Package babel Info: Redefining portuges shorthand "|
(babel)             in language  on input line 238.
Package babel Info: Redefining portuges shorthand "|
(babel)             in language  on input line 238.
 [62]
File: anexos/2-5/2-5-c-in  (verbatim)
Package babel Info: Redefining portuges shorthand "|
(babel)             in language  on input line 242.
Package babel Info: Redefining portuges shorthand "|
(babel)             in language  on input line 242.
 [63]
Overfull \hbox (6.8925pt too wide) in paragraph at lines 242--242
[]\T1/cmtt/m/n/10 z/2 D/2E/2F/2 G>G | AG F2 |1 z/2 D/2E/2F/2 G>G | AG F2 :|2 z 
F/2A/2 GG | FE DD |][] 
 []

File: anexos/2-5/2-5-c-out  (verbatim)
Package babel Info: Redefining portuges shorthand "|
(babel)             in language  on input line 246.
Package babel Info: Redefining portuges shorthand "|
(babel)             in language  on input line 246.
[64] <anexos/2-5/2-5-a-img1.png, id=1820, 853.1875pt x 941.5175pt>
File: anexos/2-5/2-5-a-img1.png Graphic file (type png)

<use anexos/2-5/2-5-a-img1.png>
Package pdftex.def Info: anexos/2-5/2-5-a-img1.png used on input line 250.
(pdftex.def)             Requested size: 426.79134pt x 470.98746pt.

Overfull \hbox (8.53766pt too wide) in paragraph at lines 250--251
 [][] 
 []

<anexos/2-5/2-5-a-img2.png, id=1822, 854.19125pt x 917.4275pt>
File: anexos/2-5/2-5-a-img2.png Graphic file (type png)

<use anexos/2-5/2-5-a-img2.png>
Package pdftex.def Info: anexos/2-5/2-5-a-img2.png used on input line 255.
(pdftex.def)             Requested size: 426.79134pt x 458.37666pt.

Overfull \hbox (8.53766pt too wide) in paragraph at lines 255--256
[][] 
 []

<anexos/2-5/2-5-b-img.png, id=1823, 663.47874pt x 825.0825pt>
File: anexos/2-5/2-5-b-img.png Graphic file (type png)

<use anexos/2-5/2-5-b-img.png>
Package pdftex.def Info: anexos/2-5/2-5-b-img.png used on input line 262.
(pdftex.def)             Requested size: 426.79134pt x 530.74521pt.

Overfull \hbox (8.53766pt too wide) in paragraph at lines 262--263
 [][] 
 []

<anexos/2-5/2-5-b-img2.png, id=1824, 791.95876pt x 924.45375pt>
File: anexos/2-5/2-5-b-img2.png Graphic file (type png)

<use anexos/2-5/2-5-b-img2.png>
Package pdftex.def Info: anexos/2-5/2-5-b-img2.png used on input line 268.
(pdftex.def)             Requested size: 426.79134pt x 498.19606pt.

Overfull \hbox (8.53766pt too wide) in paragraph at lines 268--269
[][] 
 []

<anexos/2-5/2-5-c-img.png, id=1825, 1205.50375pt x 816.04875pt>
File: anexos/2-5/2-5-c-img.png Graphic file (type png)

<use anexos/2-5/2-5-c-img.png>
Package pdftex.def Info: anexos/2-5/2-5-c-img.png used on input line 275.
(pdftex.def)             Requested size: 426.79134pt x 288.90865pt.

Overfull \hbox (8.53766pt too wide) in paragraph at lines 275--276
 [][] 
 []

)
Package babel Info: Redefining portuges shorthand "|
(babel)             in language  on input line 119.
Package babel Info: Redefining portuges shorthand "|
(babel)             in language  on input line 119.
 [65]
Package babel Info: Redefining portuges shorthand "|
(babel)             in language  on input line 119.
Package babel Info: Redefining portuges shorthand "|
(babel)             in language  on input line 119.
 [66 <./anexos/2-5/2-5-a-img1.png>]
Package babel Info: Redefining portuges shorthand "|
(babel)             in language  on input line 119.
Package babel Info: Redefining portuges shorthand "|
(babel)             in language  on input line 119.
 [67 <./anexos/2-5/2-5-a-img2.png>]
Package babel Info: Redefining portuges shorthand "|
(babel)             in language  on input line 119.
Package babel Info: Redefining portuges shorthand "|
(babel)             in language  on input line 119.

[68 <./anexos/2-5/2-5-b-img.png>]
Package babel Info: Redefining portuges shorthand "|
(babel)             in language  on input line 119.
Package babel Info: Redefining portuges shorthand "|
(babel)             in language  on input line 119.
 [69 <./anexos/2-5/2-5-b-img2.png>]
Package babel Info: Redefining portuges shorthand "|
(babel)             in language  on input line 119.
Package babel Info: Redefining portuges shorthand "|
(babel)             in language  on input line 119.
 [70 <./anexos/2-5/2-5-c-img.png>]
Package atveryend Info: Empty hook `BeforeClearDocument' on input line 120.
Package atveryend Info: Empty hook `AfterLastShipout' on input line 120.
 (./reportpt1.aux (./capa.aux) (./reportpt1-1.aux)
(./reportpt1-2.aux) (./reportpt1-5.aux) (./anexos.aux))
Package atveryend Info: Executing hook `AtVeryEndDocument' on input line 120.
Package atveryend Info: Executing hook `AtEndAfterFileList' on input line 120.
Package rerunfilecheck Info: File `reportpt1.out' has not changed.
(rerunfilecheck)             Checksum: 9E0E2D5146D900DAE0A359B9FFE60CB9;2719.


LaTeX Warning: There were multiply-defined labels.

Package atveryend Info: Empty hook `AtVeryVeryEnd' on input line 120.
 ) 
Here is how much of TeX's memory you used:
 12537 strings out of 495004
 187185 string characters out of 6180662
 468267 words of memory out of 5000000
 14029 multiletter control sequences out of 15000+600000
 14360 words of font info for 30 fonts, out of 8000000 for 9000
 16 hyphenation exceptions out of 8191
 39i,8n,54p,1404b,1505s stack positions out of 5000i,500n,10000p,200000b,80000s
 </home/ruioliveiras/.texmf-var/fonts/pk/ljfour/jknappen/ec/ecrm0700.600pk> <
/home/ruioliveiras/.texmf-var/fonts/pk/ljfour/jknappen/ec/ecbx0700.600pk> </hom
e/ruioliveiras/.texmf-var/fonts/pk/ljfour/jknappen/ec/ectt1000.600pk> </home/ru
ioliveiras/.texmf-var/fonts/pk/ljfour/jknappen/ec/ecbx1200.600pk> </home/ruioli
veiras/.texmf-var/fonts/pk/ljfour/jknappen/ec/ecti1000.600pk> </home/ruioliveir
as/.texmf-var/fonts/pk/ljfour/jknappen/ec/ecbx2074.600pk> </home/ruioliveiras/.
texmf-var/fonts/pk/ljfour/jknappen/ec/ecrm1000.600pk> </home/ruioliveiras/.texm
f-var/fonts/pk/ljfour/jknappen/ec/ecbx1000.600pk> </home/ruioliveiras/.texmf-va
r/fonts/pk/ljfour/jknappen/ec/ecrm1440.600pk> </home/ruioliveiras/.texmf-var/fo
nts/pk/ljfour/jknappen/ec/ecbx2488.600pk> </home/ruioliveiras/.texmf-var/fonts/
pk/ljfour/jknappen/ec/ecbx1440.600pk></usr/share/texlive/texmf-dist/fonts/type1
/public/amsfonts/cm/cmsy10.pfb>
Output written on reportpt1.pdf (72 pages, 4293729 bytes).
PDF statistics:
 2664 PDF objects out of 2984 (max. 8388607)
 2062 compressed objects within 21 object streams
 1390 named destinations out of 1440 (max. 500000)
 443 words of extra memory for PDF output out of 10000 (max. 10000000)

