\BOOKMARK [0][-]{chapter.1}{Introdu\347\343o}{}% 1
\BOOKMARK [0][-]{chapter.2}{Museu da Pessoa \204 tratamento de fotografias}{}% 2
\BOOKMARK [1][-]{section.2.1}{Analise e Especifica\347\343o}{chapter.2}% 3
\BOOKMARK [1][-]{section.2.2}{Implementa\347\343o}{chapter.2}% 4
\BOOKMARK [2][-]{subsection.2.2.1}{Estrutura de dados}{section.2.2}% 5
\BOOKMARK [2][-]{subsection.2.2.2}{Filtro de Texto}{section.2.2}% 6
\BOOKMARK [2][-]{subsection.2.2.3}{Funcionamento}{section.2.2}% 7
\BOOKMARK [1][-]{section.2.3}{Testes realizados}{chapter.2}% 8
\BOOKMARK [0][-]{chapter.3}{Processamento de Entidades Nomeadas}{}% 9
\BOOKMARK [1][-]{section.3.1}{Analise e Especifica\347\343o}{chapter.3}% 10
\BOOKMARK [1][-]{section.3.2}{Implementa\347\343o}{chapter.3}% 11
\BOOKMARK [2][-]{subsection.3.2.1}{Estrutura de dados}{section.3.2}% 12
\BOOKMARK [2][-]{subsection.3.2.2}{Filtro de Texto}{section.3.2}% 13
\BOOKMARK [2][-]{subsection.3.2.3}{Funcionamento}{section.3.2}% 14
\BOOKMARK [1][-]{section.3.3}{Testes realizados}{chapter.3}% 15
\BOOKMARK [0][-]{chapter.4}{Processamento de ficheiros com Can\347\365es}{}% 16
\BOOKMARK [1][-]{section.4.1}{Analise e Especifica\347\343o}{chapter.4}% 17
\BOOKMARK [1][-]{section.4.2}{Implementa\347\343o}{chapter.4}% 18
\BOOKMARK [2][-]{subsection.4.2.1}{Estrutura de dados}{section.4.2}% 19
\BOOKMARK [2][-]{subsection.4.2.2}{Filtro de Texto}{section.4.2}% 20
\BOOKMARK [2][-]{subsection.4.2.3}{Funcionamento}{section.4.2}% 21
\BOOKMARK [2][-]{subsection.4.2.4}{Testes realizados}{section.4.2}% 22
\BOOKMARK [0][-]{chapter.5}{Anexos}{}% 23
\BOOKMARK [1][-]{section.5.1}{Museu da Pessoa \204 tratamento de fotografias}{chapter.5}% 24
\BOOKMARK [2][-]{subsection.5.1.1}{Filtro de Texto}{section.5.1}% 25
\BOOKMARK [2][-]{subsection.5.1.2}{Estrutura de dados}{section.5.1}% 26
\BOOKMARK [2][-]{subsection.5.1.3}{Cabe\347alho ficheiro C}{section.5.1}% 27
\BOOKMARK [1][-]{section.5.2}{Processamento de Entidades Nomeadas \(Enamex\)}{chapter.5}% 28
\BOOKMARK [2][-]{subsection.5.2.1}{Filtro de Texto}{section.5.2}% 29
\BOOKMARK [2][-]{subsection.5.2.2}{Estrutura de dados}{section.5.2}% 30
\BOOKMARK [2][-]{subsection.5.2.3}{Cabe\347alho ficheiro C}{section.5.2}% 31
\BOOKMARK [1][-]{section.5.3}{Processamento de ficheiros com Can\347\365es}{chapter.5}% 32
\BOOKMARK [2][-]{subsection.5.3.1}{Filtro de Texto}{section.5.3}% 33
\BOOKMARK [2][-]{subsection.5.3.2}{Estrutura de dados}{section.5.3}% 34
\BOOKMARK [2][-]{subsection.5.3.3}{Cabe\347alho ficheiro C}{section.5.3}% 35
\BOOKMARK [2][-]{subsection.5.3.4}{Testes}{section.5.3}% 36
