This is pdfTeX, Version 3.1415926-2.5-1.40.14 (TeX Live 2013/Debian) (format=pdflatex 2015.3.24)  1 APR 2015 10:28
entering extended mode
 restricted \write18 enabled.
 %&-line parsing enabled.
**2-5-b-out.tex
(./2-5-b-out.tex
LaTeX2e <2011/06/27>
Babel <3.9h> and hyphenation patterns for 3 languages loaded.
(/usr/share/texlive/texmf-dist/tex/latex/base/article.cls
Document Class: article 2007/10/19 v1.4h Standard LaTeX document class
(/usr/share/texlive/texmf-dist/tex/latex/base/size12.clo
File: size12.clo 2007/10/19 v1.4h Standard LaTeX file (size option)
)
\c@part=\count79
\c@section=\count80
\c@subsection=\count81
\c@subsubsection=\count82
\c@paragraph=\count83
\c@subparagraph=\count84
\c@figure=\count85
\c@table=\count86
\abovecaptionskip=\skip41
\belowcaptionskip=\skip42
\bibindent=\dimen102
)
No file 2-5-b-out.aux.
\openout1 = `2-5-b-out.aux'.

LaTeX Font Info:    Checking defaults for OML/cmm/m/it on input line 4.
LaTeX Font Info:    ... okay on input line 4.
LaTeX Font Info:    Checking defaults for T1/cmr/m/n on input line 4.
LaTeX Font Info:    ... okay on input line 4.
LaTeX Font Info:    Checking defaults for OT1/cmr/m/n on input line 4.
LaTeX Font Info:    ... okay on input line 4.
LaTeX Font Info:    Checking defaults for OMS/cmsy/m/n on input line 4.
LaTeX Font Info:    ... okay on input line 4.
LaTeX Font Info:    Checking defaults for OMX/cmex/m/n on input line 4.
LaTeX Font Info:    ... okay on input line 4.
LaTeX Font Info:    Checking defaults for U/cmr/m/n on input line 4.
LaTeX Font Info:    ... okay on input line 4.
Missing character: There is no Ã in font cmr17!
Missing character: There is no ¡ in font cmr17!
LaTeX Font Info:    External font `cmex10' loaded for size
(Font)              <14.4> on input line 5.
LaTeX Font Info:    External font `cmex10' loaded for size
(Font)              <7> on input line 5.
Missing character: There is no Ã in font cmtt12!
Missing character: There is no ¡ in font cmtt12!
Missing character: There is no Ã in font cmtt12!
Missing character: There is no ¡ in font cmtt12!
Missing character: There is no Ã in font cmtt12!
Missing character: There is no ¡ in font cmtt12!
Missing character: There is no Ã in font cmtt12!
Missing character: There is no ³ in font cmtt12!
Missing character: There is no Ã in font cmtt12!
Missing character: There is no ¡ in font cmtt12!
Missing character: There is no Ã in font cmtt12!
Missing character: There is no § in font cmtt12!
Missing character: There is no Ã in font cmtt12!
Missing character: There is no ª in font cmtt12!
Missing character: There is no Ã in font cmtt12!
Missing character: There is no § in font cmtt12!
Missing character: There is no Ã in font cmtt12!
Missing character: There is no ¡ in font cmtt12!
Missing character: There is no Ã in font cmtt12!
Missing character: There is no ¡ in font cmtt12!
Missing character: There is no Ã in font cmtt12!
Missing character: There is no ³ in font cmtt12!
Missing character: There is no Ã in font cmtt12!
Missing character: There is no ¡ in font cmtt12!
[1

{/var/lib/texmf/fonts/map/pdftex/updmap/pdftex.map}]
Missing character: There is no Ã in font cmtt12!
Missing character: There is no ¡ in font cmtt12!
Missing character: There is no Ã in font cmtt12!
Missing character: There is no ¡ in font cmtt12!
Missing character: There is no Ã in font cmtt12!
Missing character: There is no ­ in font cmtt12!
Missing character: There is no Ã in font cmtt12!
Missing character: There is no ­ in font cmtt12!
Missing character: There is no Ã in font cmtt12!
Missing character: There is no £ in font cmtt12!
Missing character: There is no Ã in font cmtt12!
Missing character: There is no ³ in font cmtt12!
Missing character: There is no Ã in font cmtt12!
Missing character: There is no ¡ in font cmtt12!
Missing character: There is no Ã in font cmtt12!
Missing character: There is no § in font cmtt12!
Missing character: There is no Ã in font cmtt12!
Missing character: There is no § in font cmtt12!
Missing character: There is no Ã in font cmtt12!
Missing character: There is no ¡ in font cmtt12!
 [2] (./2-5-b-out.aux) ) 
Here is how much of TeX's memory you used:
 214 strings out of 495004
 2334 string characters out of 6180662
 50090 words of memory out of 5000000
 3517 multiletter control sequences out of 15000+600000
 5925 words of font info for 22 fonts, out of 8000000 for 9000
 16 hyphenation exceptions out of 8191
 22i,6n,19p,156b,296s stack positions out of 5000i,500n,10000p,200000b,80000s
</usr/share/texlive/texmf-dist/fonts/type1/public/amsfo
nts/cm/cmbx12.pfb></usr/share/texlive/texmf-dist/fonts/type1/public/amsfonts/cm
/cmr12.pfb></usr/share/texlive/texmf-dist/fonts/type1/public/amsfonts/cm/cmr17.
pfb></usr/share/texlive/texmf-dist/fonts/type1/public/amsfonts/cm/cmtt12.pfb>
Output written on 2-5-b-out.pdf (2 pages, 37038 bytes).
PDF statistics:
 27 PDF objects out of 1000 (max. 8388607)
 18 compressed objects within 1 object stream
 0 named destinations out of 1000 (max. 500000)
 1 words of extra memory for PDF output out of 10000 (max. 10000000)

